[debug] [2022-05-28T16:40:51.570Z] ----------------------------------------------------------------------
[debug] [2022-05-28T16:40:51.573Z] Command:       C:\Program Files\nodejs\node.exe C:\Users\MOSTOFA KAMAL\AppData\Roaming\npm\node_modules\firebase-tools\lib\bin\firebase.js deploy
[debug] [2022-05-28T16:40:51.574Z] CLI Version:   10.6.0
[debug] [2022-05-28T16:40:51.574Z] Platform:      win32
[debug] [2022-05-28T16:40:51.575Z] Node Version:  v16.13.0
[debug] [2022-05-28T16:40:51.577Z] Time:          Sat May 28 2022 22:40:51 GMT+0600 (Bangladesh Standard Time)
[debug] [2022-05-28T16:40:51.577Z] ----------------------------------------------------------------------
[debug] 
[debug] [2022-05-28T16:40:51.698Z] > command requires scopes: ["email","openid","https://www.googleapis.com/auth/cloudplatformprojects.readonly","https://www.googleapis.com/auth/firebase","https://www.googleapis.com/auth/cloud-platform"]
[debug] [2022-05-28T16:40:51.699Z] > authorizing via signed-in user (mostofa1990mkp@gmail.com)
[debug] [2022-05-28T16:40:51.699Z] [iam] checking project bicycle-parts-manufactur-14c27 for permissions ["firebase.projects.get","firebasehosting.sites.update"]
[debug] [2022-05-28T16:40:51.702Z] >>> [apiv2][query] POST https://cloudresourcemanager.googleapis.com/v1/projects/bicycle-parts-manufactur-14c27:testIamPermissions [none]
[debug] [2022-05-28T16:40:51.702Z] >>> [apiv2][body] POST https://cloudresourcemanager.googleapis.com/v1/projects/bicycle-parts-manufactur-14c27:testIamPermissions {"permissions":["firebase.projects.get","firebasehosting.sites.update"]}
[debug] [2022-05-28T16:40:53.285Z] <<< [apiv2][status] POST https://cloudresourcemanager.googleapis.com/v1/projects/bicycle-parts-manufactur-14c27:testIamPermissions 401
[debug] [2022-05-28T16:40:53.285Z] <<< [apiv2][body] POST https://cloudresourcemanager.googleapis.com/v1/projects/bicycle-parts-manufactur-14c27:testIamPermissions {"error":{"code":401,"message":"Request had invalid authentication credentials. Expected OAuth 2 access token, login cookie or other valid authentication credential. See https://developers.google.com/identity/sign-in/web/devconsole-project.","status":"UNAUTHENTICATED","details":[{"@type":"type.googleapis.com/google.rpc.ErrorInfo","reason":"ACCESS_TOKEN_TYPE_UNSUPPORTED","metadata":{"service":"cloudresourcemanager.googleapis.com","method":"google.cloudresourcemanager.v1.Projects.TestIamPermissions"}}]}}
[debug] [2022-05-28T16:40:53.286Z] [iam] error while checking permissions, command may fail: FirebaseError: HTTP Error: 401, Request had invalid authentication credentials. Expected OAuth 2 access token, login cookie or other valid authentication credential. See https://developers.google.com/identity/sign-in/web/devconsole-project.
[debug] [2022-05-28T16:40:53.287Z] >>> [apiv2][query] GET https://firebase.googleapis.com/v1beta1/projects/bicycle-parts-manufactur-14c27 [none]
[debug] [2022-05-28T16:40:53.838Z] <<< [apiv2][status] GET https://firebase.googleapis.com/v1beta1/projects/bicycle-parts-manufactur-14c27 401
[debug] [2022-05-28T16:40:53.839Z] <<< [apiv2][body] GET https://firebase.googleapis.com/v1beta1/projects/bicycle-parts-manufactur-14c27 {"error":{"code":401,"message":"Request had invalid authentication credentials. Expected OAuth 2 access token, login cookie or other valid authentication credential. See https://developers.google.com/identity/sign-in/web/devconsole-project.","status":"UNAUTHENTICATED"}}
[debug] [2022-05-28T16:40:53.841Z] HTTP Error: 401, Request had invalid authentication credentials. Expected OAuth 2 access token, login cookie or other valid authentication credential. See https://developers.google.com/identity/sign-in/web/devconsole-project.
[debug] [2022-05-28T16:40:54.311Z] FirebaseError: HTTP Error: 401, Request had invalid authentication credentials. Expected OAuth 2 access token, login cookie or other valid authentication credential. See https://developers.google.com/identity/sign-in/web/devconsole-project.
    at module.exports (C:\Users\MOSTOFA KAMAL\AppData\Roaming\npm\node_modules\firebase-tools\lib\responseToError.js:47:12)
    at RetryOperation._fn (C:\Users\MOSTOFA KAMAL\AppData\Roaming\npm\node_modules\firebase-tools\lib\apiv2.js:286:39)
    at processTicksAndRejections (node:internal/process/task_queues:96:5)
[error] 
[error] Error: Failed to get Firebase project bicycle-parts-manufactur-14c27. Please make sure the project exists and your account has permission to access it.
